
[Incubating] Problems report is available at: file:///C:/Users/yuyus/.gemini/antigravity/scratch/WordlessDiary/android/build/reports/problems/problems-report.html

FAILURE: Build failed with an exception.

* Where:
Settings file 'C:\Users\yuyus\.gemini\antigravity\scratch\WordlessDiary\android\settings.gradle' line: 21

* What went wrong:
Error resolving plugin [id: 'com.facebook.react.settings']
> org.gradle.api.internal.catalog.GeneratedClassCompilationException: No Java compiler found, please ensure you are running Gradle with a JDK

* Try:
> Run with --stacktrace option to get the stack trace.
> Run with --info or --debug option to get more log output.
> Run with --scan to get full insights.
> Get more help at https://help.gradle.org.

Deprecated Gradle features were used in this build, making it incompatible with Gradle 9.0.

You can use '--warning-mode all' to show the individual deprecation warnings and determine if they come from your own scripts or plugins.

For more on this, please refer to https://docs.gradle.org/8.14.3/userguide/command_line_interface.html#sec:command_line_warnings in the Gradle documentation.

BUILD FAILED in 2s
